make all --print-data-base --no-builtin-variables --no-builtin-rules --question
make: *** No rule to make target 'all'.  Stop.

# GNU Make 4.2.1
# Built for x86_64-pc-linux-gnu
# Copyright (C) 1988-2016 Free Software Foundation, Inc.
# License GPLv3+: GNU GPL version 3 or later <http://gnu.org/licenses/gpl.html>
# This is free software: you are free to change and redistribute it.
# There is NO WARRANTY, to the extent permitted by law.

# Make data base, printed on Thu Jul 14 22:05:54 2022

# Variables

# 'override' directive
GNUMAKEFLAGS := 
# automatic
<D = $(patsubst %/,%,$(dir $<))
# automatic
?F = $(notdir $?)
# environment
PAPERSIZE = a4
# environment
DESKTOP_SESSION = ubuntu
# default
.SHELLFLAGS := -c
# environment
XDG_SESSION_CLASS = user
# environment
XDG_SESSION_TYPE = x11
# makefile (from 'Makefile', line 1)
TARGET := app
# automatic
?D = $(patsubst %/,%,$(dir $?))
# environment
IM_CONFIG_PHASE = 1
# makefile (from 'Makefile', line 50)
AS_INCLUDES = 
# automatic
@D = $(patsubst %/,%,$(dir $@))
# environment
XAUTHORITY = /run/user/1000/gdm/Xauthority
# environment
GDMSESSION = ubuntu
# environment
XMODIFIERS = @im=ibus
# makefile
CURDIR := /home/ztd/Desktop/share/test/stm32/test
# makefile
SHELL = /bin/sh
# makefile (from 'Makefile', line 8)
RM = rm -f
# environment
VSCODE_NLS_CONFIG = {"locale":"zh-cn","availableLanguages":{"*":"zh-cn"},"_languagePackId":"1d735750dbb1b9066c7513078396ba0f.zh-cn","_translationsConfigFile":"/home/ztd/.config/Code/clp/1d735750dbb1b9066c7513078396ba0f.zh-cn/tcf.json","_cacheRoot":"/home/ztd/.config/Code/clp/1d735750dbb1b9066c7513078396ba0f.zh-cn","_resolvedLanguagePackCoreLocation":"/home/ztd/.config/Code/clp/1d735750dbb1b9066c7513078396ba0f.zh-cn/b06ae3b2d2dbfe28bca3134cc6be65935cdfea6a","_corruptedFile":"/home/ztd/.config/Code/clp/1d735750dbb1b9066c7513078396ba0f.zh-cn/corrupted.info","_languagePackSupport":true}
# environment
_ = /usr/share/code/code
# makefile (from 'Makefile', line 14)
CFLAGS = -g -o
# environment
JOURNAL_STREAM = 8:63543
# environment
XDG_CONFIG_DIRS = /etc/xdg/xdg-ubuntu:/etc/xdg
# makefile (from 'Makefile', line 1)
MAKEFILE_LIST :=  Makefile
# automatic
@F = $(notdir $@)
# environment
GIO_LAUNCHED_DESKTOP_FILE = /usr/share/applications/code.desktop
# environment
USERNAME = ztd
# makefile (from 'Makefile', line 3)
OBJ_DIR := ./obj
# environment
MAKELEVEL := 0
# environment
MANDATORY_PATH = /usr/share/gconf/ubuntu.mandatory.path
# environment
XDG_DATA_DIRS = /usr/share/ubuntu:/usr/local/share/:/usr/share/:/var/lib/snapd/desktop:/opt/apps/com.alibabainc.dingtalk/entries:/opt/apps/com.qq.weixin.deepin/entries:/opt/apps/com.alibabainc.dingtalk/entries:/opt/apps/com.qq.weixin.deepin/entries
# environment
DBUS_SESSION_BUS_ADDRESS = unix:path=/run/user/1000/bus
# environment
MANAGERPID = 1889
# environment
LESSOPEN = | /usr/bin/lesspipe %s
# environment
LC_NAME = zh_CN.UTF-8
# environment
VSCODE_CWD = /home/ztd
# default
MAKE_HOST := x86_64-pc-linux-gnu
# environment
PATH = /home/ztd/.local/bin:/home/ztd/bin:/home/ztd/.local/bin:/home/ztd/bin:/usr/local/sbin:/usr/local/bin:/usr/sbin:/usr/bin:/sbin:/bin:/usr/games:/usr/local/games:/snap/bin:/home/ztd/Desktop/share/test/linux/tools/gcc-linaro-4.9.4-2017.01-x86_64_arm-linux-gnueabihf/bin:/home/ztd/Desktop/share/test/linux/tools/gcc_riscv32-linux-7.3.0/gcc_riscv32/bin:/home/ztd/Desktop/share/test/linux/tools/gn.1523/gn:/home/ztd/Desktop/share/test/linux/tools/ninja.1.9.0/ninja:/home/ztd/Desktop/share/test/linux/tools/gcc-arm-none-eabi-10.3-2021.10-x86_64-linux/gcc-arm-none-eabi-10.3-2021.10/bin
# environment
GPG_AGENT_INFO = /run/user/1000/gnupg/S.gpg-agent:0:1
# environment
GJS_DEBUG_OUTPUT = stderr
# environment
SESSION_MANAGER = local/ubuntu:@/tmp/.ICE-unix/2517,unix/ubuntu:/tmp/.ICE-unix/2517
# environment
XDG_RUNTIME_DIR = /run/user/1000
# environment
XDG_MENU_PREFIX = gnome-
# environment
ELECTRON_RUN_AS_NODE = 1
# environment
INVOCATION_ID = f4ee1a767faa4b50b4a9387e78f950d6
# makefile (from 'Makefile', line 11)
LDFLAGS = -T user/stm32_flash.ld -Wl,-cref,-u,Reset_Handler -Wl,-Map=$(OBJ_DIR)/$(TARGET).map -Wl,--gc-sections -Wl,--defsym=malloc_getpagesize_P=0x80 -Wl,--start-group -lc -lm -Wl,--end-group -D STM32F10X_HD -fdata-sections -ffunction-sections 
# default
.FEATURES := target-specific order-only second-expansion else-if shortest-stem undefine oneshell archives jobserver output-sync check-symlink load
# environment
LS_COLORS = 
# environment
XDG_SESSION_DESKTOP = ubuntu
# environment
SSH_AUTH_SOCK = /run/user/1000/keyring/ssh
# environment
GIO_LAUNCHED_DESKTOP_FILE_PID = 9252
# automatic
%F = $(notdir $%)
# environment
DISPLAY = :1
# makefile (from 'Makefile', line 47)
ASM_SOURCES = core/startup_stm32f103zetx.S 
# environment
PWD = /home/ztd/Desktop/share/test/stm32/test
# default
.LOADED := 
# environment
SSH_AGENT_PID = 2486
# environment
ORIGINAL_XDG_CURRENT_DESKTOP = ubuntu:GNOME
# environment
GTK_MODULES = gail:atk-bridge
# environment
VSCODE_AMD_ENTRYPOINT = vs/workbench/api/node/extensionHostProcess
# environment
HOME = /home/ztd
# environment
LESSCLOSE = /usr/bin/lesspipe %s %s
# environment
VSCODE_CODE_CACHE_PATH = /home/ztd/.config/Code/CachedData/b06ae3b2d2dbfe28bca3134cc6be65935cdfea6a
# environment
LOGNAME = ztd
# environment
APPLICATION_INSIGHTS_NO_DIAGNOSTIC_CHANNEL = 1
# automatic
+F = $(notdir $+)
# environment
VSCODE_HANDLES_UNCAUGHT_ERRORS = true
# environment
GNOME_DESKTOP_SESSION_ID = this-is-deprecated
# automatic
^D = $(patsubst %/,%,$(dir $^))
# environment
LC_TIME = zh_CN.UTF-8
# makefile (from 'Makefile', line 52)
C_INCLUDES = -Iuser -Icore -Istm32f10x_fwlib/inc -Isystem/delay -Isystem/sys -Isystem/usart -Ihardware/led 
# default
MAKE = $(MAKE_COMMAND)
# default
MAKECMDGOALS := all
# environment
QT_IM_MODULE = ibus
# environment
SHLVL = 0
# makefile (from 'Makefile', line 5)
CC = arm-none-eabi-gcc
# environment
GNOME_SHELL_SESSION_MODE = ubuntu
# default
MAKE_VERSION := 4.2.1
# environment
USER = ztd
# environment
LC_MONETARY = zh_CN.UTF-8
# makefile
.DEFAULT_GOAL := app
# environment
XDG_CURRENT_DESKTOP = Unity
# automatic
%D = $(patsubst %/,%,$(dir $%))
# environment
LC_TELEPHONE = zh_CN.UTF-8
# default
MAKE_COMMAND := make
# default
.VARIABLES := 
# automatic
*F = $(notdir $*)
# environment
LANGUAGE = en_US:en
# environment
VSCODE_IPC_HOOK = /run/user/1000/vscode-c5b13712-1.69.1-main.sock
# makefile
MAKEFLAGS = pqrR
# environment
MFLAGS = -pqrR
# automatic
*D = $(patsubst %/,%,$(dir $*))
# automatic
+D = $(patsubst %/,%,$(dir $+))
# environment
GDK_BACKEND = x11
# environment
LC_PAPER = zh_CN.UTF-8
# environment
QT_ACCESSIBILITY = 1
# environment
DEFAULTS_PATH = /usr/share/gconf/ubuntu.default.path
# makefile (from 'Makefile', line 10)
CPUFLAGS = -mthumb -mcpu=cortex-m$(CORE)
# default
MAKEFILES := 
# environment
LC_NUMERIC = zh_CN.UTF-8
# automatic
<F = $(notdir $<)
# environment
LC_MEASUREMENT = zh_CN.UTF-8
# environment
LC_ALL = C
# environment
GJS_DEBUG_TOPICS = JS ERROR;JS LOG
# automatic
^F = $(notdir $^)
# makefile (from 'Makefile', line 6)
OBJCOPY = arm-none-eabi-objcopy
# makefile (from 'Makefile', line 16)
C_SOURCES = user/main.c user/system_stm32f10x.c core/core_cm3.c stm32f10x_fwlib/src/misc.c stm32f10x_fwlib/src/stm32f10x_adc.c stm32f10x_fwlib/src/stm32f10x_bkp.c stm32f10x_fwlib/src/stm32f10x_can.c stm32f10x_fwlib/src/stm32f10x_cec.c stm32f10x_fwlib/src/stm32f10x_crc.c stm32f10x_fwlib/src/stm32f10x_dac.c stm32f10x_fwlib/src/stm32f10x_dbgmcu.c stm32f10x_fwlib/src/stm32f10x_exti.c stm32f10x_fwlib/src/stm32f10x_flash.c stm32f10x_fwlib/src/stm32f10x_fsmc.c stm32f10x_fwlib/src/stm32f10x_gpio.c stm32f10x_fwlib/src/stm32f10x_i2c.c stm32f10x_fwlib/src/stm32f10x_iwdg.c stm32f10x_fwlib/src/stm32f10x_pwr.c stm32f10x_fwlib/src/stm32f10x_rcc.c stm32f10x_fwlib/src/stm32f10x_rtc.c stm32f10x_fwlib/src/stm32f10x_sdio.c stm32f10x_fwlib/src/stm32f10x_spi.c stm32f10x_fwlib/src/stm32f10x_tim.c stm32f10x_fwlib/src/stm32f10x_usart.c stm32f10x_fwlib/src/stm32f10x_wwdg.c system/delay/delay.c system/sys/sys.c hardware/led/led.c system/usart/usart.c 
# default
SUFFIXES := 
# environment
CHROME_DESKTOP = code-url-handler.desktop
# environment
WINDOWPATH = 2
# default
.INCLUDE_DIRS = /usr/include /usr/local/include /usr/include
# environment
LC_IDENTIFICATION = zh_CN.UTF-8
# makefile (from 'Makefile', line 9)
CORE = 3
# default
.RECIPEPREFIX := 
# environment
LC_ADDRESS = zh_CN.UTF-8
# environment
LANG = C
# environment
VSCODE_PID = 9252
# variable set hash-table stats:
# Load=118/1024=12%, Rehash=0, Collisions=18/146=12%

# Pattern-specific Variable Values

# No pattern-specific variable values.

# Directories

# . (device 66314, inode 707327): 12 files, no impossibilities.

# 12 files, no impossibilities in 1 directories.

# Implicit Rules

# No implicit rules.

# Files

# Not a target:
stm32f10x_fwlib/src/stm32f10x_can.c:
#  Implicit rule search has not been done.
#  Modification time never checked.
#  File has not been updated.

# Not a target:
stm32f10x_fwlib/src/stm32f10x_gpio.c:
#  Implicit rule search has not been done.
#  Modification time never checked.
#  File has not been updated.

# Not a target:
stm32f10x_fwlib/src/stm32f10x_iwdg.c:
#  Implicit rule search has not been done.
#  Modification time never checked.
#  File has not been updated.

# Not a target:
user/main.c:
#  Implicit rule search has not been done.
#  Modification time never checked.
#  File has not been updated.

# Not a target:
stm32f10x_fwlib/src/stm32f10x_crc.c:
#  Implicit rule search has not been done.
#  Modification time never checked.
#  File has not been updated.

# Not a target:
stm32f10x_fwlib/src/stm32f10x_rcc.c:
#  Implicit rule search has not been done.
#  Modification time never checked.
#  File has not been updated.

# Not a target:
all:
#  Command line target.
#  Implicit rule search has been done.
#  File does not exist.
#  File has not been updated.

bin:
#  Implicit rule search has not been done.
#  Modification time never checked.
#  File has not been updated.
#  recipe to execute (from 'Makefile', line 74):
	$(OBJCOPY) $(OBJ_DIR)/$(TARGET).elf $(OBJ_DIR)/$(TARGET).bin

# Not a target:
stm32f10x_fwlib/src/stm32f10x_rtc.c:
#  Implicit rule search has not been done.
#  Modification time never checked.
#  File has not been updated.

# Not a target:
stm32f10x_fwlib/src/stm32f10x_dbgmcu.c:
#  Implicit rule search has not been done.
#  Modification time never checked.
#  File has not been updated.

# Not a target:
stm32f10x_fwlib/src/stm32f10x_exti.c:
#  Implicit rule search has not been done.
#  Modification time never checked.
#  File has not been updated.

 
# Not a target:
stm32f10x_fwlib/src/stm32f10x_wwdg.c:
#  Implicit rule search has not been done.
#  Modification time never checked.
#  File has not been updated.

# Not a target:
Makefile:
#  Implicit rule search has been done.
#  Last modified 2022-07-14 21:36:23.228889
#  File has been updated.
#  Successfully updated.

app: startup_stm32f103zetx.o c_sources.o
#  Implicit rule search has not been done.
#  Modification time never checked.
#  File has not been updated.
#  recipe to execute (from 'Makefile', line 62):
	$(CC) $(OBJ_DIR)/*.o *.o $(C_INCLUDES) $(CPUFLAGS) $(LDFLAGS) $(CFLAGS) $(OBJ_DIR)/$(TARGET).elf
	make bin
	make hex

# Not a target:
stm32f10x_fwlib/src/stm32f10x_adc.c:
#  Implicit rule search has not been done.
#  Modification time never checked.
#  File has not been updated.

# Not a target:
stm32f10x_fwlib/src/stm32f10x_usart.c:
#  Implicit rule search has not been done.
#  Modification time never checked.
#  File has not been updated.

# Not a target:
stm32f10x_fwlib/src/stm32f10x_i2c.c:
#  Implicit rule search has not been done.
#  Modification time never checked.
#  File has not been updated.

# Not a target:
hardware/led/led.c:
#  Implicit rule search has not been done.
#  Modification time never checked.
#  File has not been updated.

# Not a target:
core/core_cm3.c:
#  Implicit rule search has not been done.
#  Modification time never checked.
#  File has not been updated.

# Not a target:
core/startup_stm32f103zetx.S:
#  Implicit rule search has not been done.
#  Modification time never checked.
#  File has not been updated.

# Not a target:
system/delay/delay.c:
#  Implicit rule search has not been done.
#  Modification time never checked.
#  File has not been updated.

# Not a target:
stm32f10x_fwlib/src/stm32f10x_dac.c:
#  Implicit rule search has not been done.
#  Modification time never checked.
#  File has not been updated.

# Not a target:
stm32f10x_fwlib/src/stm32f10x_bkp.c:
#  Implicit rule search has not been done.
#  Modification time never checked.
#  File has not been updated.

c_sources.o: user/main.c user/system_stm32f10x.c core/core_cm3.c stm32f10x_fwlib/src/misc.c stm32f10x_fwlib/src/stm32f10x_adc.c stm32f10x_fwlib/src/stm32f10x_bkp.c stm32f10x_fwlib/src/stm32f10x_can.c stm32f10x_fwlib/src/stm32f10x_cec.c stm32f10x_fwlib/src/stm32f10x_crc.c stm32f10x_fwlib/src/stm32f10x_dac.c stm32f10x_fwlib/src/stm32f10x_dbgmcu.c stm32f10x_fwlib/src/stm32f10x_exti.c stm32f10x_fwlib/src/stm32f10x_flash.c stm32f10x_fwlib/src/stm32f10x_fsmc.c stm32f10x_fwlib/src/stm32f10x_gpio.c stm32f10x_fwlib/src/stm32f10x_i2c.c stm32f10x_fwlib/src/stm32f10x_iwdg.c stm32f10x_fwlib/src/stm32f10x_pwr.c stm32f10x_fwlib/src/stm32f10x_rcc.c stm32f10x_fwlib/src/stm32f10x_rtc.c stm32f10x_fwlib/src/stm32f10x_sdio.c stm32f10x_fwlib/src/stm32f10x_spi.c stm32f10x_fwlib/src/stm32f10x_tim.c stm32f10x_fwlib/src/stm32f10x_usart.c stm32f10x_fwlib/src/stm32f10x_wwdg.c system/delay/delay.c system/sys/sys.c hardware/led/led.c system/usart/usart.c
#  Implicit rule search has not been done.
#  Modification time never checked.
#  File has not been updated.
#  recipe to execute (from 'Makefile', line 67):
	$(CC) -c $^ $(C_INCLUDES) $(CPUFLAGS) $(LDFLAGS) # $(CFLAGS) $(OBJ_DIR)/$@

# Not a target:
stm32f10x_fwlib/src/stm32f10x_tim.c:
#  Implicit rule search has not been done.
#  Modification time never checked.
#  File has not been updated.

# Not a target:
user/system_stm32f10x.c:
#  Implicit rule search has not been done.
#  Modification time never checked.
#  File has not been updated.

# Not a target:
.DEFAULT:
#  Implicit rule search has not been done.
#  Modification time never checked.
#  File has not been updated.

# Not a target:
stm32f10x_fwlib/src/stm32f10x_sdio.c:
#  Implicit rule search has not been done.
#  Modification time never checked.
#  File has not been updated.

hex:
#  Implicit rule search has not been done.
#  Modification time never checked.
#  File has not been updated.
#  recipe to execute (from 'Makefile', line 76):
	$(OBJCOPY) $(OBJ_DIR)/$(TARGET).elf -Oihex $(OBJ_DIR)/$(TARGET).hex

# Not a target:
stm32f10x_fwlib/src/stm32f10x_pwr.c:
#  Implicit rule search has not been done.
#  Modification time never checked.
#  File has not been updated.

burn:
#  Implicit rule search has not been done.
#  Modification time never checked.
#  File has not been updated.
#  recipe to execute (from 'Makefile', line 79):
	openocd -f /usr/share/openocd/scripts/interface/stlink-v2.cfg -f /usr/share/openocd/scripts/target/stm32f1x.cfg
	# telnet localhost 4444
	# halt
	# flash write_image erase obj/app.hex
	# reset								#可要可不要
	# exit

# Not a target:
stm32f10x_fwlib/src/stm32f10x_fsmc.c:
#  Implicit rule search has not been done.
#  Modification time never checked.
#  File has not been updated.

clean:
#  Implicit rule search has not been done.
#  Modification time never checked.
#  File has not been updated.
#  recipe to execute (from 'Makefile', line 86):
	$(RM) $(OBJ_DIR)/*.o $(OBJ_DIR)/$(TARGET).* *.o $(OBJ_DIR)/*

# Not a target:
stm32f10x_fwlib/src/stm32f10x_cec.c:
#  Implicit rule search has not been done.
#  Modification time never checked.
#  File has not been updated.

# Not a target:
stm32f10x_fwlib/src/misc.c:
#  Implicit rule search has not been done.
#  Modification time never checked.
#  File has not been updated.

# Not a target:
stm32f10x_fwlib/src/stm32f10x_flash.c:
#  Implicit rule search has not been done.
#  Modification time never checked.
#  File has not been updated.

startup_stm32f103zetx.o: core/startup_stm32f103zetx.S
#  Implicit rule search has not been done.
#  Modification time never checked.
#  File has not been updated.
#  recipe to execute (from 'Makefile', line 71):
	$(CC) -c $< $(CPUFLAGS) $(AS_INCLUDES) $(CFLAGS) $(OBJ_DIR)/$@

# Not a target:
system/usart/usart.c:
#  Implicit rule search has not been done.
#  Modification time never checked.
#  File has not been updated.

# Not a target:
stm32f10x_fwlib/src/stm32f10x_spi.c:
#  Implicit rule search has not been done.
#  Modification time never checked.
#  File has not been updated.

# Not a target:
system/sys/sys.c:
#  Implicit rule search has not been done.
#  Modification time never checked.
#  File has not been updated.

# files hash-table stats:
# Load=41/1024=4%, Rehash=0, Collisions=2/85=2%
# VPATH Search Paths

# No 'vpath' search paths.

# No general ('VPATH' variable) search path.

# strcache buffers: 1 (0) / strings = 54 / storage = 1152 B / avg = 21 B
# current buf: size = 8162 B / used = 1152 B / count = 54 / avg = 21 B

# strcache performance: lookups = 67 / hit rate = 19%
# hash-table stats:
# Load=54/8192=1%, Rehash=0, Collisions=1/67=1%
# Finished Make data base on Thu Jul 14 22:05:54 2022

 
